<?xml version="1.0" encoding="UTF-8"?>
<testsuite name="com.elenas.runners.LoginUnknownUserRunner" tests="0" skipped="0" failures="0" errors="0" timestamp="1970-01-01T00:00:00" hostname="DESKTOP-JI16OSS" time="0.0">
  <properties/>
  <system-out><![CDATA[01:52:51.076 [Test worker] INFO io.cucumber.core.plugin.SerenityReporter - Running feature from file:///C:/Users/DKREAM/Documents/GitHub/marketplace-elenas/src/test/resources/features/login_unknown_user.feature
01:52:51.479 [Test worker] INFO  - ?[96m

-------------------------------------------------------------------------------------
     _______. _______ .______       _______ .__   __.  __  .___________.____    ____ 
    /       ||   ____||   _  \     |   ____||  \ |  | |  | |           |\   \  /   / 
   |   (----`|  |__   |  |_)  |    |  |__   |   \|  | |  | `---|  |----` \   \/   /  
    \   \    |   __|  |      /     |   __|  |  . `  | |  |     |  |       \_    _/   
.----)   |   |  |____ |  |\  \----.|  |____ |  |\   | |  |     |  |         |  |     
|_______/    |_______|| _| `._____||_______||__| \__| |__|     |__|         |__|    
                                                                                     
 News and tutorials at http://www.serenity-bdd.info                                  
 Documentation at https://wakaleo.gitbooks.io/the-serenity-book/content/             
 Join the Serenity Community on Gitter: https://gitter.im/serenity-bdd/serenity-core 
 Serenity BDD Support and Training at http://serenity-bdd.info/#/trainingandsupport  
-------------------------------------------------------------------------------------
?[0m
01:52:51.488 [Test worker] DEBUG net.thucydides.core.steps.StepEventBus - Test suite started for story net.thucydides.core.model.Story@5090a32d
01:52:51.498 [Test worker] INFO  - Test Suite Started: Login with unknown user
01:52:51.536 [Test worker] INFO io.cucumber.core.plugin.SerenityReporter - Running feature from file:///C:/Users/DKREAM/Documents/GitHub/marketplace-elenas/src/test/resources/features/login_unknown_user.feature
01:52:51.539 [Test worker] DEBUG net.thucydides.core.steps.StepEventBus - Test suite started for story net.thucydides.core.model.Story@5090a32d
01:52:51.544 [Test worker] INFO  - Test Suite Started: Login with unknown user
01:53:38.593 [Test worker] DEBUG net.thucydides.core.reports.ReportService - Reporting formats: [JSON, HTML]
01:53:38.841 [Test worker] DEBUG net.thucydides.core.reports.ReportService - Reporting formats: [JSON, HTML]
01:53:38.874 [Test worker] DEBUG net.thucydides.core.reports.ReportService - Generating reports for 1 test outcomes using: net.thucydides.core.reports.json.JSONTestOutcomeReporter@654f0a01
01:53:38.883 [pool-1-thread-1] DEBUG net.thucydides.core.reports.ReportService - Processing test outcome Login with unknown user:Login failed
01:53:38.883 [pool-1-thread-1] DEBUG net.thucydides.core.reports.ReportService - net.thucydides.core.reports.json.JSONTestOutcomeReporter@654f0a01: Generating report for test outcome: Login with unknown user:Login failed
01:53:38.891 [pool-1-thread-1] DEBUG net.thucydides.core.reports.json.JSONTestOutcomeReporter - Generating JSON report for Login failed to file C:\Users\DKREAM\Documents\GitHub\marketplace-elenas\target\site\serenity\40799fe223c29ebf951bbd54e341e01e4b8c51e33e5ffb9abf571f02dabebb5d.json (using temp file C:\Users\DKREAM\Documents\GitHub\marketplace-elenas\target\site\serenity\40799fe223c29ebf951bbd54e341e01e4b8c51e33e5ffb9abf571f02dabebb5d.json6d3dac25-80ea-49fc-aaf4-27efdcdb2bde)
01:53:38.965 [pool-1-thread-1] DEBUG net.thucydides.core.reports.ReportService - Processing test outcome Login with unknown user:Login failed done
01:53:38.971 [Test worker] DEBUG net.thucydides.core.reports.ReportService - Shutting down executor service
01:53:38.971 [Test worker] DEBUG net.thucydides.core.reports.ReportService - Reports generated in: 97 ms
01:53:38.971 [Test worker] DEBUG net.thucydides.core.reports.ReportService - Generating reports for 1 test outcomes using: net.thucydides.core.reports.html.HtmlAcceptanceTestReporter@b34d6da
01:53:38.973 [pool-2-thread-1] DEBUG net.thucydides.core.reports.ReportService - Processing test outcome Login with unknown user:Login failed
01:53:38.973 [pool-2-thread-1] DEBUG net.thucydides.core.reports.ReportService - net.thucydides.core.reports.html.HtmlAcceptanceTestReporter@b34d6da: Generating report for test outcome: Login with unknown user:Login failed
01:53:39.516 [AsyncHttpClient-1-1] DEBUG org.asynchttpclient.netty.channel.DefaultChannelPool - Entry count for : http://127.0.0.1:4723 : 1
01:53:40.614 [AsyncHttpClient-1-1] DEBUG org.asynchttpclient.netty.channel.DefaultChannelPool - Entry count for : http://127.0.0.1:4723 : 1
01:53:41.388 [pool-2-thread-1] DEBUG net.thucydides.core.reports.ReportService - Processing test outcome Login with unknown user:Login failed done
01:53:41.388 [Test worker] DEBUG net.thucydides.core.reports.ReportService - Shutting down executor service
01:53:41.388 [Test worker] DEBUG net.thucydides.core.reports.ReportService - Reports generated in: 2417 ms
01:53:41.583 [Test worker] DEBUG net.serenitybdd.core.photography.Darkroom - Closing darkroom
01:53:41.583 [Darkroom Processing Line] DEBUG net.serenitybdd.core.photography.DarkroomProcessingLine - Darkroom processing line shutting down
01:53:41.600 [Test worker] DEBUG net.serenitybdd.core.photography.Darkroom - Closing darkroom
]]></system-out>
  <system-err><![CDATA[?[32m?[1m??????????????????????????????????????????????????????????????????????????????????????[0m
?[32m?[1m??[0m Share your Cucumber Report with your team at ?[36m?[1m?[4mhttps://reports.cucumber.io?[0m          ?[32m?[1m??[0m
?[32m?[1m??[0m Activate publishing with one of the following:                                    ?[32m?[1m??[0m
?[32m?[1m??[0m                                                                                   ?[32m?[1m??[0m
?[32m?[1m??[0m src/test/resources/cucumber.properties:          ?[36mcucumber.publish.enabled?[0m=?[36mtrue?[0m    ?[32m?[1m??[0m
?[32m?[1m??[0m src/test/resources/junit-platform.properties:    ?[36mcucumber.publish.enabled?[0m=?[36mtrue?[0m    ?[32m?[1m??[0m
?[32m?[1m??[0m Environment variable:                            ?[36mCUCUMBER_PUBLISH_ENABLED?[0m=?[36mtrue?[0m    ?[32m?[1m??[0m
?[32m?[1m??[0m JUnit:                                           ?[36m@CucumberOptions?[0m(publish = ?[36mtrue?[0m) ?[32m?[1m??[0m
?[32m?[1m??[0m                                                                                   ?[32m?[1m??[0m
?[32m?[1m??[0m More information at ?[36mhttps://cucumber.io/docs/cucumber/environment-variables/?[0m      ?[32m?[1m??[0m
?[32m?[1m??[0m                                                                                   ?[32m?[1m??[0m
?[32m?[1m??[0m Disable this message with one of the following:                                   ?[32m?[1m??[0m
?[32m?[1m??[0m                                                                                   ?[32m?[1m??[0m
?[32m?[1m??[0m src/test/resources/cucumber.properties:          ?[36mcucumber.publish.quiet?[0m=?[36mtrue?[0m      ?[32m?[1m??[0m
?[32m?[1m??[0m src/test/resources/junit-platform.properties:    ?[36mcucumber.publish.quiet?[0m=?[36mtrue?[0m      ?[32m?[1m??[0m
?[32m?[1m??????????????????????????????????????????????????????????????????????????????????????[0m
]]></system-err>
</testsuite>
